<?xml version="1.0" encoding="UTF-8"?>
<testng-results skipped="0" failed="0" ignored="0" total="1" passed="1">
  <reporter-output>
  </reporter-output>
  <suite name="Automation" duration-ms="90107" started-at="2021-11-17T22:57:02 IST" finished-at="2021-11-17T22:58:33 IST">
    <groups>
    </groups>
    <test name="TestScripts" duration-ms="90107" started-at="2021-11-17T22:57:02 IST" finished-at="2021-11-17T22:58:33 IST">
      <class name="com.sgtesting.actitime.driverscript.DriverScript">
        <test-method status="PASS" signature="startAutomationSuite()[pri:0, instance:com.sgtesting.actitime.driverscript.DriverScript@27f723]" name="startAutomationSuite" is-config="true" duration-ms="17" started-at="2021-11-17T22:57:02 IST" finished-at="2021-11-17T22:57:02 IST">
          <reporter-output>
          </reporter-output>
        </test-method> <!-- startAutomationSuite -->
        <test-method status="PASS" signature="loadFiles()[pri:0, instance:com.sgtesting.actitime.driverscript.DriverScript@27f723]" name="loadFiles" is-config="true" duration-ms="7" started-at="2021-11-17T22:57:02 IST" finished-at="2021-11-17T22:57:02 IST">
          <reporter-output>
          </reporter-output>
        </test-method> <!-- loadFiles -->
        <test-method status="PASS" signature="executeTestScenarios()[pri:0, instance:com.sgtesting.actitime.driverscript.DriverScript@27f723]" name="executeTestScenarios" duration-ms="89972" started-at="2021-11-17T22:57:02 IST" finished-at="2021-11-17T22:58:32 IST">
          <reporter-output>
          </reporter-output>
        </test-method> <!-- executeTestScenarios -->
        <test-method status="PASS" signature="endAutomationSuite()[pri:0, instance:com.sgtesting.actitime.driverscript.DriverScript@27f723]" name="endAutomationSuite" is-config="true" duration-ms="32" started-at="2021-11-17T22:58:33 IST" finished-at="2021-11-17T22:58:33 IST">
          <reporter-output>
          </reporter-output>
        </test-method> <!-- endAutomationSuite -->
      </class> <!-- com.sgtesting.actitime.driverscript.DriverScript -->
    </test> <!-- TestScripts -->
  </suite> <!-- Automation -->
</testng-results>
