<?xml version="1.0" encoding="UTF-8"?>
<!-- Generated by org.testng.reporters.JUnitXMLReporter -->
<testsuite hostname="DESKTOP-U08G1R0" ignored="0" name="Users and Products Test cases" tests="4" failures="0" timestamp="2021-11-06T14:34:13 IST" time="0.167" errors="0">
  <testcase name="usersTestCase1" time="0.029" classname="com.sgtesting.tests.users.Users"/>
  <testcase name="usersTestCase2" time="0.003" classname="com.sgtesting.tests.users.Users"/>
  <testcase name="productsTestCase1" time="0.005" classname="com.sgtesting.tests.products.Products"/>
  <testcase name="productsTestCase2" time="0.002" classname="com.sgtesting.tests.products.Products"/>
</testsuite> <!-- Users and Products Test cases -->
