<?xml version="1.0" encoding="UTF-8"?>
<testng-results ignored="0" total="1" passed="1" failed="0" skipped="0">
  <reporter-output>
  </reporter-output>
  <suite started-at="2021-11-05T09:20:20 IST" name="Automation" finished-at="2021-11-05T09:22:27 IST" duration-ms="126418">
    <groups>
    </groups>
    <test started-at="2021-11-05T09:20:20 IST" name="TestScripts" finished-at="2021-11-05T09:22:27 IST" duration-ms="126418">
      <class name="com.sgtesting.actitime.driverscript.DriverScript">
        <test-method is-config="true" signature="startAutomationSuite()[pri:0, instance:com.sgtesting.actitime.driverscript.DriverScript@48075da3]" started-at="2021-11-05T09:20:20 IST" name="startAutomationSuite" finished-at="2021-11-05T09:20:20 IST" duration-ms="46" status="PASS">
          <reporter-output>
          </reporter-output>
        </test-method> <!-- startAutomationSuite -->
        <test-method is-config="true" signature="loadFiles()[pri:0, instance:com.sgtesting.actitime.driverscript.DriverScript@48075da3]" started-at="2021-11-05T09:20:20 IST" name="loadFiles" finished-at="2021-11-05T09:20:20 IST" duration-ms="24" status="PASS">
          <reporter-output>
          </reporter-output>
        </test-method> <!-- loadFiles -->
        <test-method signature="executeTestScenarios()[pri:0, instance:com.sgtesting.actitime.driverscript.DriverScript@48075da3]" started-at="2021-11-05T09:20:20 IST" name="executeTestScenarios" finished-at="2021-11-05T09:22:27 IST" duration-ms="126345" status="PASS">
          <reporter-output>
          </reporter-output>
        </test-method> <!-- executeTestScenarios -->
        <test-method is-config="true" signature="endAutomationSuite()[pri:0, instance:com.sgtesting.actitime.driverscript.DriverScript@48075da3]" started-at="2021-11-05T09:22:27 IST" name="endAutomationSuite" finished-at="2021-11-05T09:22:27 IST" duration-ms="22" status="PASS">
          <reporter-output>
          </reporter-output>
        </test-method> <!-- endAutomationSuite -->
      </class> <!-- com.sgtesting.actitime.driverscript.DriverScript -->
    </test> <!-- TestScripts -->
  </suite> <!-- Automation -->
</testng-results>
