<?xml version="1.0" encoding="UTF-8"?>
<testng-results skipped="0" failed="0" ignored="0" total="1" passed="1">
  <reporter-output>
  </reporter-output>
  <suite name="Automation" duration-ms="102756" started-at="2021-11-16T16:29:33 IST" finished-at="2021-11-16T16:31:15 IST">
    <groups>
    </groups>
    <test name="TestScripts" duration-ms="102756" started-at="2021-11-16T16:29:33 IST" finished-at="2021-11-16T16:31:15 IST">
      <class name="com.sgtesting.actitime.driverscript.DriverScript">
        <test-method status="PASS" signature="startAutomationSuite()[pri:0, instance:com.sgtesting.actitime.driverscript.DriverScript@1cab0bfb]" name="startAutomationSuite" is-config="true" duration-ms="18" started-at="2021-11-16T16:29:33 IST" finished-at="2021-11-16T16:29:33 IST">
          <reporter-output>
          </reporter-output>
        </test-method> <!-- startAutomationSuite -->
        <test-method status="PASS" signature="loadFiles()[pri:0, instance:com.sgtesting.actitime.driverscript.DriverScript@1cab0bfb]" name="loadFiles" is-config="true" duration-ms="10" started-at="2021-11-16T16:29:33 IST" finished-at="2021-11-16T16:29:33 IST">
          <reporter-output>
          </reporter-output>
        </test-method> <!-- loadFiles -->
        <test-method status="PASS" signature="executeTestScenarios()[pri:0, instance:com.sgtesting.actitime.driverscript.DriverScript@1cab0bfb]" name="executeTestScenarios" duration-ms="102701" started-at="2021-11-16T16:29:33 IST" finished-at="2021-11-16T16:31:15 IST">
          <reporter-output>
          </reporter-output>
        </test-method> <!-- executeTestScenarios -->
        <test-method status="PASS" signature="endAutomationSuite()[pri:0, instance:com.sgtesting.actitime.driverscript.DriverScript@1cab0bfb]" name="endAutomationSuite" is-config="true" duration-ms="38" started-at="2021-11-16T16:31:15 IST" finished-at="2021-11-16T16:31:15 IST">
          <reporter-output>
          </reporter-output>
        </test-method> <!-- endAutomationSuite -->
      </class> <!-- com.sgtesting.actitime.driverscript.DriverScript -->
    </test> <!-- TestScripts -->
  </suite> <!-- Automation -->
</testng-results>
